02/15/2025 08:17:00 PM:DEBUG:
Execution line:     /opt/anaconda3/envs/testing-md/bin/packmol-memgen --lipids POP --solute ethanol.pdb --solute_con 15M --parametrize --distxy_fix 100 -o packmol-try1-15M.pdb
02/15/2025 08:17:00 PM:DEBUG:
Water model was not set. Using tip3p for ff14SB
02/15/2025 08:17:42 PM:DEBUG:
Execution line:     /opt/anaconda3/envs/testing-md/bin/packmol-memgen --available_lipids
02/15/2025 08:17:59 PM:DEBUG:
Execution line:     /opt/anaconda3/envs/testing-md/bin/packmol-memgen --lipids POPC --solute ethanol.pdb --solute_con 15M --parametrize --distxy_fix 100 -o packmol-try1-15M.pdb
02/15/2025 08:17:59 PM:DEBUG:
Water model was not set. Using tip3p for ff14SB
02/15/2025 08:17:59 PM:INFO:
No ratio provided (--ratio).
02/15/2025 08:17:59 PM:INFO:
Extra solute PDB         = ethanol.pdb
02/15/2025 08:17:59 PM:INFO:
Solute to be added       = 15M      
02/15/2025 08:17:59 PM:INFO:

 Information for packing:

 Input PDB(s)                     = None     
 Output PDB                       = packmol-try1-15M.pdb
 Packmol output and log prefix    = packmol  
 Lipids                           = ['POPC'] 
 Lipid ratio                      = ['1']    
 Solvents                         = WAT      
 Solvent ratio                    = 1        
 Salt concentration            (M)= 0        
 Distance to boundaries        (A)= 15.0     
 Minimum water distance        (A)= 17.5     
 Packmol loops                    = 20       
 Packmol loops for All-together   = 100      
02/15/2025 08:17:59 PM:DEBUG:

 Box information:
 x_min                    = -50.0    
 x_max                    = 50.0     
 x_len                    = 100.0    

 y_min                    = -50.0    
 y_max                    = 50.0     
 y_len                    = 100.0    

 z_min                    = -40.5    
 z_max                    = 40.5     
 z_len                    = 81.0     
 
02/15/2025 08:17:59 PM:DEBUG:
Experimental value for POPC volume not available in parm file. Using estimated 1227 A^3 instead...
02/15/2025 08:17:59 PM:INFO:
Adding 15M ethanol.pdb to the water volume
02/15/2025 08:40:54 PM:DEBUG:
Execution line:     /opt/anaconda3/envs/testing-md/bin/packmol-memgen --lipids POPC --solute ethanol.pdb --solute_con 15M --parametrize --distxy_fix 100 -o packmol-try1-15M.pdb
02/15/2025 08:40:54 PM:DEBUG:
Water model was not set. Using tip3p for ff14SB
02/15/2025 08:40:54 PM:INFO:
No ratio provided (--ratio).
02/15/2025 08:40:55 PM:INFO:
Extra solute PDB         = ethanol.pdb
02/15/2025 08:40:55 PM:INFO:
Solute to be added       = 15M      
02/15/2025 08:40:55 PM:INFO:

 Information for packing:

 Input PDB(s)                     = None     
 Output PDB                       = packmol-try1-15M.pdb
 Packmol output and log prefix    = packmol  
 Lipids                           = ['POPC'] 
 Lipid ratio                      = ['1']    
 Solvents                         = WAT      
 Solvent ratio                    = 1        
 Salt concentration            (M)= 0        
 Distance to boundaries        (A)= 15.0     
 Minimum water distance        (A)= 17.5     
 Packmol loops                    = 20       
 Packmol loops for All-together   = 100      
02/15/2025 08:40:55 PM:DEBUG:

 Box information:
 x_min                    = -50.0    
 x_max                    = 50.0     
 x_len                    = 100.0    

 y_min                    = -50.0    
 y_max                    = 50.0     
 y_len                    = 100.0    

 z_min                    = -40.5    
 z_max                    = 40.5     
 z_len                    = 81.0     
 
02/15/2025 08:40:55 PM:DEBUG:
Experimental value for POPC volume not available in parm file. Using estimated 1227 A^3 instead...
02/15/2025 08:40:55 PM:INFO:
Using WAT.pdb in the folder
02/15/2025 08:40:55 PM:INFO:
Adding 15M ethanol.pdb to the water volume
02/15/2025 08:40:55 PM:DEBUG:

                Lower water box vol    = 175000.0  A^3
                Upper water box vol    = 175000.0  A^3
                Mem. upper leaflet vol = 239292.0  A^3
                Mem. lower leaflet vol = 239292.0  A^3

                
02/15/2025 08:40:55 PM:DEBUG:
Script for packmol written to packmol.inp
02/15/2025 08:40:55 PM:INFO:

Running Packmol...
02/15/2025 08:40:55 PM:CRITICAL:
CRITICAL:
  No output file generated by PACKMOL. Check packmol.log and if the initial set of constraints are adequate for your system (e.g. leaflet size, tail and head planes)!
